<?xml version="1.0" encoding="UTF-8"?>
<!-- Generated by org.testng.reporters.JUnitXMLReporter -->
<testsuite ignored="0" hostname="DESKTOP-L2QFIJ3" failures="1" tests="1" name="BVT Test" time="19.793" errors="0" timestamp="2024-01-25T16:31:24 IST">
  <testcase classname="testcase.MyFirstTestFM" name="LoginTest" time="0.023">
    <failure type="java.lang.IllegalArgumentException" message="Cannot find elements when the link text is null.">
      <![CDATA[java.lang.IllegalArgumentException: Cannot find elements when the link text is null.
at org.openqa.selenium.internal.Require$ArgumentChecker.nonNull(Require.java:207)
at org.openqa.selenium.By$ByLinkText.<init>(By.java:207)
at org.openqa.selenium.By.linkText(By.java:57)
at testcase.MyFirstTestFM.LoginTest(MyFirstTestFM.java:18)
at java.base/java.util.ArrayList.forEach(ArrayList.java:1511)
... Removed 25 stack frames]]>
    </failure>
  </testcase> <!-- LoginTest -->
</testsuite> <!-- BVT Test -->
